Added Pin To Net: NetName=NetDGen Pin=JDGen-1
Added Pin To Net: NetName=GND Pin=JDGen-2
Added Pin To Net: NetName=GND Pin=JDGen-3
Added Pin To Net: NetName=GND Pin=JDGen-4
Added Pin To Net: NetName=GND Pin=JDGen-5
Added Pin To Net: NetName=NetLNA Pin=JLNA-1
Added Pin To Net: NetName=GND Pin=JLNA-2
Added Pin To Net: NetName=GND Pin=JLNA-3
Added Pin To Net: NetName=GND Pin=JLNA-4
Added Pin To Net: NetName=GND Pin=JLNA-5
Added Pin To Net: NetName=NetProbe Pin=JProbe-1
Added Pin To Net: NetName=GND Pin=JProbe-2
Added Pin To Net: NetName=GND Pin=JProbe-3
Added Pin To Net: NetName=GND Pin=JProbe-4
Added Pin To Net: NetName=GND Pin=JProbe-5
Added Pin To Net: NetName=NetMCU2 Pin=KDGen-1
Added Pin To Net: NetName=NetMCU_GND Pin=KDGen-2
Added Pin To Net: NetName=NetDGen Pin=KDGen-3
Added Pin To Net: NetName=NetProbe Pin=KDGen-4
Added Pin To Net: NetName=NetMCU1 Pin=KLNA-1
Added Pin To Net: NetName=NetMCU_GND Pin=KLNA-2
Added Pin To Net: NetName=NetLNA Pin=KLNA-3
Added Pin To Net: NetName=NetProbe Pin=KLNA-4
Added Pin To Net: NetName=NetMCU1 Pin=PMCU-1
Added Pin To Net: NetName=NetMCU_GND Pin=PMCU-2
Added Pin To Net: NetName=NetMCU2 Pin=PMCU-3
